  main.c
c:\users\gogi\source\repos\arp_spoofing\arp_spoofing\main.c(50): warning C4996: 'scanf': This function or variable may be unsafe. Consider using scanf_s instead. To disable deprecation, use _CRT_SECURE_NO_WARNINGS. See online help for details.
  c:\program files (x86)\windows kits\10\include\10.0.15063.0\ucrt\stdio.h(1272): note: 'scanf' 선언을 참조하십시오.
c:\users\gogi\source\repos\arp_spoofing\arp_spoofing\main.c(132): warning C4996: 'scanf': This function or variable may be unsafe. Consider using scanf_s instead. To disable deprecation, use _CRT_SECURE_NO_WARNINGS. See online help for details.
  c:\program files (x86)\windows kits\10\include\10.0.15063.0\ucrt\stdio.h(1272): note: 'scanf' 선언을 참조하십시오.
  Target_sniffing.c
c:\users\gogi\source\repos\arp_spoofing\arp_spoofing\target_sniffing.c(38): warning C4047: '함수': 'const char *'의 간접 참조 수준이 'u_char [255][6]'과(와) 다릅니다.
c:\users\gogi\source\repos\arp_spoofing\arp_spoofing\target_sniffing.c(38): warning C4024: 'strncmp': 형식 및 실제 매개 변수 1의 형식이 서로 다릅니다.
  Relay_sending.c
  IPscan.c
  INFOscan.c
c:\users\gogi\source\repos\arp_spoofing\arp_spoofing\infoscan.c(21): warning C4996: 'sprintf': This function or variable may be unsafe. Consider using sprintf_s instead. To disable deprecation, use _CRT_SECURE_NO_WARNINGS. See online help for details.
  c:\program files (x86)\windows kits\10\include\10.0.15063.0\ucrt\stdio.h(1772): note: 'sprintf' 선언을 참조하십시오.
c:\users\gogi\source\repos\arp_spoofing\arp_spoofing\infoscan.c(22): warning C4996: 'sprintf': This function or variable may be unsafe. Consider using sprintf_s instead. To disable deprecation, use _CRT_SECURE_NO_WARNINGS. See online help for details.
  c:\program files (x86)\windows kits\10\include\10.0.15063.0\ucrt\stdio.h(1772): note: 'sprintf' 선언을 참조하십시오.
  코드를 생성하고 있습니다...
c:\users\gogi\source\repos\arp_spoofing\arp_spoofing\target_sniffing.c(43): warning C4715: 'target_paket_capture': 모든 제어 경로에서 값을 반환하지는 않습니다.
c:\users\gogi\source\repos\arp_spoofing\arp_spoofing\target_sniffing.c(25): warning C4700: 초기화되지 않은 'alldevs' 지역 변수를 사용했습니다.
  ARP_SPOOFING.vcxproj -> C:\Users\gogi\source\repos\ARP_SPOOFING\Debug\ARP_SPOOFING.exe
  ARP_SPOOFING.vcxproj -> C:\Users\gogi\source\repos\ARP_SPOOFING\Debug\ARP_SPOOFING.pdb (Partial PDB)
